<?xml version="1.0" encoding="UTF-8"?>
<!-- Generated by org.testng.reporters.JUnitReportReporter -->
<testsuite hostname="SUBHADEEP" failures="0" tests="7" name="testNG.Test1" time="0.040" errors="0" timestamp="2022-04-20T18:20:29 IST" skipped="1">
  <testcase classname="testNG.Test1" name="chats" time="0.018"/>
  <system-out>
    <![CDATA[chats]]>
  </system-out>
  <testcase classname="testNG.Test1" name="calls" time="0.005"/>
  <system-out>
    <![CDATA[chats]]>
  </system-out>
  <testcase classname="testNG.Test1" name="calls" time="0.003"/>
  <system-out>
    <![CDATA[chats]]>
  </system-out>
  <testcase classname="testNG.Test1" name="calls" time="0.002"/>
  <system-out>
    <![CDATA[chats]]>
  </system-out>
  <testcase classname="testNG.Test1" name="calls" time="0.010"/>
  <system-out>
    <![CDATA[chats]]>
  </system-out>
  <testcase classname="testNG.Test1" name="calls" time="0.002"/>
  <system-out>
    <![CDATA[chats]]>
  </system-out>
  <testcase classname="testNG.Test1" name="settings">
    <skipped/>
  </testcase> <!-- settings -->
  <system-out/>
</testsuite> <!-- testNG.Test1 -->
