<?xml version="1.0" encoding="UTF-8"?>
<!-- Generated by org.testng.reporters.JUnitReportReporter -->
<testsuite hostname="SUBHADEEP" failures="0" tests="3" name="testNG.Parrallel" time="62.996" errors="0" timestamp="2022-04-21T17:48:04 IST" skipped="0">
  <testcase classname="testNG.Parrallel" name="tc1" time="14.467"/>
  <system-out>
    <![CDATA[Facebook – log in or sign up
https://www.facebook.com/]]>
  </system-out>
  <testcase classname="testNG.Parrallel" name="tc1" time="15.657"/>
  <system-out>
    <![CDATA[Facebook – log in or sign up
https://www.facebook.com/]]>
  </system-out>
  <testcase classname="testNG.Parrallel" name="tc1" time="32.872"/>
  <system-out>
    <![CDATA[Facebook – log in or sign up
https://www.facebook.com/]]>
  </system-out>
</testsuite> <!-- testNG.Parrallel -->
