<?xml version="1.0" encoding="UTF-8"?>
<!-- Generated by org.testng.reporters.JUnitReportReporter -->
<testsuite hostname="SUBHADEEP" failures="0" tests="1" name="testNG.TestCase2" time="7.120" errors="0" timestamp="2022-04-21T17:11:49 IST" skipped="0">
  <testcase classname="testNG.TestCase2" name="tc2" time="7.120"/>
  <system-out>
    <![CDATA[Forgotten Password | Can't Log In | Facebook
https://www.facebook.com/login/identify/?ctx=recover&ars=facebook_login&from_login_screen=0]]>
  </system-out>
</testsuite> <!-- testNG.TestCase2 -->
