<?xml version="1.0" encoding="UTF-8"?>
<!-- Generated by org.testng.reporters.JUnitReportReporter -->
<testsuite hostname="SUBHADEEP" failures="0" tests="1" name="testNG.Test0" time="0.022" errors="0" timestamp="2022-04-20T19:15:10 IST" skipped="0">
  <testcase classname="testNG.Test0" name="tc1" time="0.022"/>
  <system-out>
    <![CDATA[hello java
Hello Selenium]]>
  </system-out>
</testsuite> <!-- testNG.Test0 -->
