<?xml version="1.0" encoding="UTF-8"?>
<!-- Generated by org.testng.reporters.JUnitReportReporter -->
<testsuite hostname="SUBHADEEP" failures="0" tests="1" name="testNG.TestCase1" time="6.325" errors="0" timestamp="2022-04-21T17:11:49 IST" skipped="0">
  <testcase classname="testNG.TestCase1" name="tc1" time="6.325"/>
  <system-out>
    <![CDATA[Facebook â€“ log in or sign up
https://www.facebook.com/]]>
  </system-out>
</testsuite> <!-- testNG.TestCase1 -->
