<?xml version="1.0" encoding="UTF-8"?>
<!-- Generated by org.testng.reporters.JUnitReportReporter -->
<testsuite hostname="SUBHADEEP" failures="0" tests="1" name="testNG.TestCase3" time="17.359" errors="0" timestamp="2022-04-21T17:11:49 IST" skipped="0">
  <testcase classname="testNG.TestCase3" name="tc3" time="17.359"/>
  <system-out>
    <![CDATA[Log in to Facebook
https://www.facebook.com/login/?next=https%3A%2F%2Fwww.facebook.com%2Fpages%2Fcreate%2F%3Fref_type%3Dregistration_form]]>
  </system-out>
</testsuite> <!-- testNG.TestCase3 -->
